-------------------------------------------------------------------------------
Test set: com.wunderit.AppTest
-------------------------------------------------------------------------------
Tests run: 1, Failures: 1, Errors: 0, Skipped: 0, Time elapsed: 0.003 s <<< FAILURE! - in com.wunderit.AppTest
testApp(com.wunderit.AppTest)  Time elapsed: 0 s  <<< FAILURE!
junit.framework.AssertionFailedError
	at com.wunderit.AppTest.testApp(AppTest.java:38)

